Arguments: 
  C:\Program Files\nodejs\node.exe C:\Users\amiin\AppData\Roaming\npm\node_modules\yarn\bin\yarn.js install

PATH: 
  C:\Python310\Scripts\;C:\Python310\;C:\windows\system32;C:\windows;C:\windows\System32\Wbem;C:\windows\System32\WindowsPowerShell\v1.0\;C:\windows\System32\OpenSSH\;C:\Program Files (x86)\NVIDIA Corporation\PhysX\Common;C:\Program Files\NVIDIA Corporation\NVIDIA NvDLISR;C:\Users\amiin\Downloads\php-8.0.5-nts-Win32-vs16-x64.zip;C:\php-8.0.5.zip;C:\Program Files\MATLAB\R2021a\bin;C:\MinGW\bin;C:\Program Files (x86)\dotnet\;C:\WINDOWS\system32;C:\WINDOWS;C:\WINDOWS\System32\Wbem;C:\WINDOWS\System32\WindowsPowerShell\v1.0\;C:\WINDOWS\System32\OpenSSH\;C:\Program Files\Git\cmd;C:\Program Files\nodejs\;C:\ProgramData\chocolatey\bin;C:\Users\amiin\AppData\Local\Microsoft\WindowsApps;C:\Users\amiin\AppData\Local\Programs\Microsoft VS Code\bin;C:\Program Files\Git\cmd;C:\Program Files\heroku\bin;C:\Users\amiin\AppData\Roaming\npm;C:\Users\amiin\csci3916-hw5\node_modules\.bin

Yarn version: 
  1.22.18

Node version: 
  16.14.0

Platform: 
  win32 x64

Trace: 
  SyntaxError: C:\Users\amiin\csci3916-hw5\package.json: Unexpected token } in JSON at position 659
      at JSON.parse (<anonymous>)
      at C:\Users\amiin\AppData\Roaming\npm\node_modules\yarn\lib\cli.js:1625:59
      at Generator.next (<anonymous>)
      at step (C:\Users\amiin\AppData\Roaming\npm\node_modules\yarn\lib\cli.js:310:30)
      at C:\Users\amiin\AppData\Roaming\npm\node_modules\yarn\lib\cli.js:321:13

npm manifest: 
  {
    "name": "csci3916-hw5",
    "version": "0.1.0",
    "private": true,
    "dependencies": {
      "@mars/heroku-js-runtime-env": "^3.0.2",
      "@testing-library/jest-dom": "^5.16.4",
      "@testing-library/react": "^13.1.1",
      "@testing-library/user-event": "^13.5.0",
      "bootstrap-3-card": "^0.2.0",
      "react": "^18.0.0",
      "react-bootstrap": "^2.3.0",
      "react-dom": "^18.0.0",
      "react-icons": "^4.3.1",
      "react-redux": "^8.0.0",
      "react-router-bootstrap": "^0.25.0",
      "react-router-dom": "^5.2.0",
      "react-scripts": "5.0.1",
      "redux": "^4.2.0",
      "redux-logger": "^3.0.6",
      "redux-thunk": "^2.4.1",
      "web-vitals": "^2.1.4",
    },
    "scripts": {
      "start": "react-scripts start",
      "build": "react-scripts build",
      "test": "react-scripts test",
      "eject": "react-scripts eject"
    },
    "eslintConfig": {
      "extends": [
        "react-app",
        "react-app/jest"
      ]
    },
    "browserslist": {
      "production": [
        ">0.2%",
        "not dead",
        "not op_mini all"
      ],
      "development": [
        "last 1 chrome version",
        "last 1 firefox version",
        "last 1 safari version"
      ]
    }
  }

yarn manifest: 
  No manifest

Lockfile: 
  No lockfile
